<?xml version="1.0" encoding="UTF-8"?>
<!-- Generated by org.testng.reporters.JUnitXMLReporter -->
<testsuite hostname="Wibawas-MacBook-Pro.local" name="Test" tests="2" failures="2" timestamp="13 Mar 2018 02:25:32 GMT" time="29.443" errors="0">
  <testcase name="jobsTest" time="10.249" classname="test.JPTest">
    <failure type="java.lang.AssertionError" message="The following asserts failed:
	/post-an-ad is FAILED !! expected [Post Job Ads | The Jakarta Post Jobs] but found [Post Job Ads | The Jakarta Post Jobs 200 ...TEST]">
      <![CDATA[java.lang.AssertionError: The following asserts failed:
	/post-an-ad is FAILED !! expected [Post Job Ads | The Jakarta Post Jobs] but found [Post Job Ads | The Jakarta Post Jobs 200 ...TEST]
	at test.JPTest.testPage(JPTest.java:108)
	at test.JPTest.jobsTest(JPTest.java:136)
... Removed 24 stack frames]]>
    </failure>
  </testcase> <!-- jobsTest -->
  <testcase name="newsTest" time="9.275" classname="test.JPTest">
    <failure type="java.lang.AssertionError" message="The following asserts failed:
	/post-an-ad is FAILED !! expected [Post Job Ads | The Jakarta Post Jobs] but found [Post Job Ads | The Jakarta Post Jobs 200 ...TEST],
	/life/health is FAILED !! expected [Life - health - The Jakarta Post] but found [Life - health - The Jakarta Post 200 ...TEST]">
      <![CDATA[java.lang.AssertionError: The following asserts failed:
	/post-an-ad is FAILED !! expected [Post Job Ads | The Jakarta Post Jobs] but found [Post Job Ads | The Jakarta Post Jobs 200 ...TEST],
	/life/health is FAILED !! expected [Life - health - The Jakarta Post] but found [Life - health - The Jakarta Post 200 ...TEST]
	at test.JPTest.testPage(JPTest.java:108)
	at test.JPTest.newsTest(JPTest.java:122)
... Removed 24 stack frames]]>
    </failure>
  </testcase> <!-- newsTest -->
</testsuite> <!-- Test -->
